<?xml version="1.0" encoding="UTF-8"?>
<testng-results ignored="0" total="1" passed="1" failed="0" skipped="0">
  <reporter-output>
  </reporter-output>
  <suite started-at="2026-02-23T13:42:29 IST" name="Default suite" finished-at="2026-02-23T13:42:32 IST" duration-ms="3004">
    <groups>
    </groups>
    <test started-at="2026-02-23T13:42:29 IST" name="Default test" finished-at="2026-02-23T13:42:32 IST" duration-ms="3004">
      <class name="JamnesTng.APIAuthentication">
        <test-method signature="digrdtAuth()[pri:0, instance:JamnesTng.APIAuthentication@43bc63a3]" started-at="2026-02-23T13:42:29 IST" name="digrdtAuth" finished-at="2026-02-23T13:42:32 IST" duration-ms="2948" status="PASS">
          <reporter-output>
          </reporter-output>
        </test-method> <!-- digrdtAuth -->
      </class> <!-- JamnesTng.APIAuthentication -->
    </test> <!-- Default test -->
  </suite> <!-- Default suite -->
</testng-results>
