<?xml version="1.0" encoding="UTF-8"?>
<!-- Generated by org.testng.reporters.JUnitReportReporter -->
<testsuite hostname="LAPTOP-NMLEQ16E" failures="0" tests="5" name="JamnesTng.Amazon" time="23.636" errors="0" timestamp="2026-02-16T23:41:21 IST" skipped="0">
  <testcase classname="JamnesTng.Amazon" name="search" time="7.323"/>
  <testcase classname="JamnesTng.Amazon" name="addToCart" time="2.574"/>
  <testcase classname="JamnesTng.Amazon" name="cart" time="2.325"/>
  <testcase classname="JamnesTng.Amazon" name="login" time="5.184"/>
  <testcase classname="JamnesTng.Amazon" name="logout" time="6.230"/>
</testsuite> <!-- JamnesTng.Amazon -->
