<?xml version="1.0" encoding="UTF-8"?>
<!-- Generated by org.testng.reporters.JUnitXMLReporter -->
<testsuite ignored="0" hostname="LAPTOP-NMLEQ16E" failures="0" tests="3" name="Test" time="0.069" errors="0" timestamp="2026-03-12T16:24:38 IST">
  <testcase classname="base.BaseTest" name="@BeforeMethod openBrowser" time="-1.773312878219E9">
    <failure type="org.testng.TestNGException" message="
Parameter &amp;apos;browser&amp;apos; is required by BeforeMethod on method openBrowser but has not been marked @Optional or defined
in C:\Users\Jamnesh Maniya\eclipse-workspace\MavenProject\testng.xml">
      <![CDATA[org.testng.TestNGException: 
Parameter 'browser' is required by BeforeMethod on method openBrowser but has not been marked @Optional or defined
in C:\Users\Jamnesh Maniya\eclipse-workspace\MavenProject\testng.xml
at java.base/java.util.ArrayList.forEach(ArrayList.java:1596)
... Removed 28 stack frames]]>
    </failure>
  </testcase> <!-- @BeforeMethod openBrowser -->
  <testcase classname="base.BaseTest" name="@AfterMethod closeBrowser" time="0.0">
    <skipped/>
  </testcase> <!-- @AfterMethod closeBrowser -->
  <testcase classname="base.BaseTest" name="@BeforeMethod openBrowser" time="0.0">
    <skipped/>
  </testcase> <!-- @BeforeMethod openBrowser -->
  <testcase classname="base.BaseTest" name="@AfterMethod closeBrowser" time="0.0">
    <skipped/>
  </testcase> <!-- @AfterMethod closeBrowser -->
  <testcase classname="base.BaseTest" name="@BeforeMethod openBrowser" time="0.0">
    <skipped/>
  </testcase> <!-- @BeforeMethod openBrowser -->
  <testcase classname="base.BaseTest" name="@AfterMethod closeBrowser" time="0.0">
    <skipped/>
  </testcase> <!-- @AfterMethod closeBrowser -->
  <testcase classname="tests.ParaBankTest" name="registerAndLoginTest" time="0.0">
    <skipped/>
  </testcase> <!-- registerAndLoginTest -->
  <testcase classname="tests.ParaBankTest" name="registerAndLoginTest" time="0.0">
    <skipped/>
  </testcase> <!-- registerAndLoginTest -->
  <testcase classname="tests.ParaBankTest" name="registerAndLoginTest" time="0.0">
    <skipped/>
  </testcase> <!-- registerAndLoginTest -->
</testsuite> <!-- Test -->
