<?xml version="1.0" encoding="UTF-8"?>
<testng-results ignored="0" total="1" passed="1" failed="0" skipped="0">
  <reporter-output>
  </reporter-output>
  <suite started-at="2026-02-18T23:25:22 IST" name="Default suite" finished-at="2026-02-18T23:25:34 IST" duration-ms="12651">
    <groups>
    </groups>
    <test started-at="2026-02-18T23:25:22 IST" name="Default test" finished-at="2026-02-18T23:25:34 IST" duration-ms="12651">
      <class name="Testng.Iframe">
        <test-method signature="test()[pri:0, instance:Testng.Iframe@36fc695d]" started-at="2026-02-18T23:25:22 IST" name="test" finished-at="2026-02-18T23:25:34 IST" duration-ms="12599" status="PASS">
          <reporter-output>
          </reporter-output>
        </test-method> <!-- test -->
      </class> <!-- Testng.Iframe -->
    </test> <!-- Default test -->
  </suite> <!-- Default suite -->
</testng-results>
