<?xml version="1.0" encoding="UTF-8"?>
<testng-results ignored="0" total="3" passed="3" failed="0" skipped="0">
  <reporter-output>
  </reporter-output>
  <suite started-at="2026-03-02T12:41:47 IST" name="Suite" finished-at="2026-03-02T12:41:47 IST" duration-ms="52">
    <groups>
    </groups>
    <test started-at="2026-03-02T12:41:47 IST" name="Test" finished-at="2026-03-02T12:41:47 IST" duration-ms="52">
      <class name="Jamnesh.TestClass">
        <test-method signature="test1()[pri:0, instance:Jamnesh.TestClass@5e0e82ae]" started-at="2026-03-02T12:41:47 IST" name="test1" finished-at="2026-03-02T12:41:47 IST" duration-ms="10" status="PASS">
          <reporter-output>
          </reporter-output>
        </test-method> <!-- test1 -->
        <test-method signature="test2()[pri:0, instance:Jamnesh.TestClass@5e0e82ae]" started-at="2026-03-02T12:41:47 IST" name="test2" finished-at="2026-03-02T12:41:47 IST" duration-ms="0" status="PASS">
          <reporter-output>
          </reporter-output>
        </test-method> <!-- test2 -->
        <test-method signature="test3()[pri:0, instance:Jamnesh.TestClass@5e0e82ae]" started-at="2026-03-02T12:41:47 IST" name="test3" finished-at="2026-03-02T12:41:47 IST" duration-ms="1" status="PASS">
          <reporter-output>
          </reporter-output>
        </test-method> <!-- test3 -->
      </class> <!-- Jamnesh.TestClass -->
    </test> <!-- Test -->
  </suite> <!-- Suite -->
</testng-results>
