<?xml version="1.0" encoding="UTF-8"?>
<!-- Generated by org.testng.reporters.JUnitXMLReporter -->
<testsuite ignored="0" hostname="LAPTOP-NMLEQ16E" failures="1" tests="6" name="Login Tests" time="24.692" errors="0" timestamp="2026-03-02T17:26:26 IST">
  <testcase classname="jamnesh.LoginFunctionalityAutomation" name="loginTest" time="1.249"/>
  <testcase classname="jamnesh.LoginFunctionalityAutomation" name="loginTest" time="0.357"/>
  <testcase classname="jamnesh.LoginFunctionalityAutomation" name="loginTest" time="0.41"/>
  <testcase classname="jamnesh.LoginFunctionalityAutomation" name="loginTest" time="0.397"/>
  <testcase classname="jamnesh.LoginFunctionalityAutomation" name="loginTest" time="0.931">
    <failure type="java.lang.AssertionError" message="Login failed expected [Wrong Title Here] but found [Logged In Successfully]">
      <![CDATA[java.lang.AssertionError: Login failed expected [Wrong Title Here] but found [Logged In Successfully]
at jamnesh.LoginFunctionalityAutomation.loginTest(LoginFunctionalityAutomation.java:30)
at java.base/java.util.ArrayList.forEach(ArrayList.java:1596)
... Removed 30 stack frames]]>
    </failure>
  </testcase> <!-- loginTest -->
  <testcase classname="jamnesh.LoginFunctionalityAutomation" name="loginTest" time="0.372"/>
</testsuite> <!-- Login Tests -->
