<?xml version="1.0" encoding="UTF-8"?>
<!-- Generated by org.testng.reporters.JUnitXMLReporter -->
<testsuite ignored="0" hostname="LAPTOP-NMLEQ16E" failures="1" tests="3" name="Chrome Test" time="79.488" errors="0" timestamp="2026-03-12T18:19:26 IST">
  <testcase classname="tests.ParaBankTest" name="registerAndLoginTest" time="28.523">
    <failure type="java.lang.AssertionError" message="Registration failed — URL still at register.htm. Check for errors on page. expected [true] but found [false]">
      <![CDATA[java.lang.AssertionError: Registration failed — URL still at register.htm. Check for errors on page. expected [true] but found [false]
at tests.ParaBankTest.registerAndLoginTest(ParaBankTest.java:67)
at java.base/java.util.ArrayList.forEach(ArrayList.java:1596)
... Removed 28 stack frames]]>
    </failure>
  </testcase> <!-- registerAndLoginTest -->
  <testcase classname="tests.ParaBankTest" name="registerAndLoginTest" time="23.565"/>
  <testcase classname="tests.ParaBankTest" name="registerAndLoginTest" time="23.109"/>
</testsuite> <!-- Chrome Test -->
