<?xml version="1.0" encoding="UTF-8"?>
<!-- Generated by org.testng.reporters.JUnitXMLReporter -->
<testsuite ignored="0" hostname="LAPTOP-NMLEQ16E" failures="1" tests="3" name="Edge Test" time="76.973" errors="0" timestamp="2026-03-12T18:20:43 IST">
  <testcase classname="tests.ParaBankTest" name="registerAndLoginTest" time="27.325">
    <failure type="java.lang.AssertionError" message="Registration failed — URL still at register.htm. Check for errors on page. expected [true] but found [false]">
      <![CDATA[java.lang.AssertionError: Registration failed — URL still at register.htm. Check for errors on page. expected [true] but found [false]
at tests.ParaBankTest.registerAndLoginTest(ParaBankTest.java:67)
at java.base/java.util.ArrayList.forEach(ArrayList.java:1596)
... Removed 28 stack frames]]>
    </failure>
  </testcase> <!-- registerAndLoginTest -->
  <testcase classname="tests.ParaBankTest" name="registerAndLoginTest" time="22.887"/>
  <testcase classname="tests.ParaBankTest" name="registerAndLoginTest" time="23.241"/>
</testsuite> <!-- Edge Test -->
