<?xml version="1.0" encoding="UTF-8"?>
<!-- Generated by org.testng.reporters.JUnitXMLReporter -->
<testsuite ignored="0" hostname="LAPTOP-NMLEQ16E" failures="3" tests="3" name="Firefox Test" time="91.201" errors="0" timestamp="2026-03-12T18:22:14 IST">
  <testcase classname="tests.ParaBankTest" name="registerAndLoginTest" time="20.378">
    <failure type="java.lang.AssertionError" message="Registration failed — URL still at register.htm. Check for errors on page. expected [true] but found [false]">
      <![CDATA[java.lang.AssertionError: Registration failed — URL still at register.htm. Check for errors on page. expected [true] but found [false]
at tests.ParaBankTest.registerAndLoginTest(ParaBankTest.java:67)
at java.base/java.util.ArrayList.forEach(ArrayList.java:1596)
... Removed 28 stack frames]]>
    </failure>
  </testcase> <!-- registerAndLoginTest -->
  <testcase classname="tests.ParaBankTest" name="registerAndLoginTest" time="19.913">
    <failure type="java.lang.AssertionError" message="Registration failed — URL still at register.htm. Check for errors on page. expected [true] but found [false]">
      <![CDATA[java.lang.AssertionError: Registration failed — URL still at register.htm. Check for errors on page. expected [true] but found [false]
at tests.ParaBankTest.registerAndLoginTest(ParaBankTest.java:67)
at java.base/java.util.ArrayList.forEach(ArrayList.java:1596)
... Removed 28 stack frames]]>
    </failure>
  </testcase> <!-- registerAndLoginTest -->
  <testcase classname="tests.ParaBankTest" name="registerAndLoginTest" time="19.359">
    <failure type="java.lang.AssertionError" message="Registration failed — URL still at register.htm. Check for errors on page. expected [true] but found [false]">
      <![CDATA[java.lang.AssertionError: Registration failed — URL still at register.htm. Check for errors on page. expected [true] but found [false]
at tests.ParaBankTest.registerAndLoginTest(ParaBankTest.java:67)
at java.base/java.util.ArrayList.forEach(ArrayList.java:1596)
... Removed 28 stack frames]]>
    </failure>
  </testcase> <!-- registerAndLoginTest -->
</testsuite> <!-- Firefox Test -->
