<?xml version="1.0" encoding="UTF-8"?>
<!-- Generated by org.testng.reporters.JUnitReportReporter -->
<testsuite hostname="LAPTOP-NMLEQ16E" failures="0" tests="5" name="Testng.Amazon" time="48.743" errors="0" timestamp="2026-02-16T23:37:42 IST" skipped="0">
  <testcase classname="Testng.Amazon" name="search" time="14.809"/>
  <testcase classname="Testng.Amazon" name="addToCart" time="2.137"/>
  <testcase classname="Testng.Amazon" name="cart" time="2.335"/>
  <testcase classname="Testng.Amazon" name="login" time="22.716"/>
  <testcase classname="Testng.Amazon" name="logout" time="6.746"/>
</testsuite> <!-- Testng.Amazon -->
