<?xml version="1.0" encoding="UTF-8"?>
<!-- Generated by org.testng.reporters.JUnitReportReporter -->
<testsuite hostname="LAPTOP-NMLEQ16E" failures="0" tests="2" name="data_driven.DataDrivenTestingCSV" time="8.695" errors="0" timestamp="2026-03-07T09:16:57 IST" skipped="0">
  <testcase classname="data_driven.DataDrivenTestingCSV" name="loginTest" time="4.093"/>
  <testcase classname="data_driven.DataDrivenTestingCSV" name="loginTest" time="4.602"/>
</testsuite> <!-- data_driven.DataDrivenTestingCSV -->
