<?xml version="1.0" encoding="UTF-8"?>
<!-- Generated by org.testng.reporters.JUnitReportReporter -->
<testsuite hostname="LAPTOP-NMLEQ16E" failures="0" tests="6" name="data_driven.DataDrivenTestingDB" time="30.554" errors="0" timestamp="2026-03-07T09:15:51 IST" skipped="0">
  <testcase classname="data_driven.DataDrivenTestingDB" name="loginTest" time="5.881"/>
  <testcase classname="data_driven.DataDrivenTestingDB" name="loginTest" time="7.742"/>
  <testcase classname="data_driven.DataDrivenTestingDB" name="loginTest" time="4.310"/>
  <testcase classname="data_driven.DataDrivenTestingDB" name="loginTest" time="4.265"/>
  <testcase classname="data_driven.DataDrivenTestingDB" name="loginTest" time="4.166"/>
  <testcase classname="data_driven.DataDrivenTestingDB" name="loginTest" time="4.190"/>
</testsuite> <!-- data_driven.DataDrivenTestingDB -->
