<?xml version="1.0" encoding="UTF-8"?>
<testng-results ignored="0" total="6" passed="5" failed="1" skipped="0">
  <reporter-output>
  </reporter-output>
  <suite started-at="2026-03-02T17:26:01 IST" name="Login Test Suite" finished-at="2026-03-02T17:26:26 IST" duration-ms="24692">
    <groups>
    </groups>
    <test started-at="2026-03-02T17:26:01 IST" name="Login Tests" finished-at="2026-03-02T17:26:26 IST" duration-ms="24692">
      <class name="jamnesh.LoginFunctionalityAutomation">
        <test-method is-config="true" signature="setup()[pri:0, instance:jamnesh.LoginFunctionalityAutomation@4802796d]" started-at="2026-03-02T17:26:01 IST" name="setup" finished-at="2026-03-02T17:26:05 IST" duration-ms="3694" status="PASS">
          <reporter-output>
          </reporter-output>
        </test-method> <!-- setup -->
        <test-method signature="loginTest(java.lang.String,java.lang.String,java.lang.String,java.lang.String)[pri:0, instance:jamnesh.LoginFunctionalityAutomation@4802796d]" started-at="2026-03-02T17:26:05 IST" name="loginTest" data-provider="loginData" finished-at="2026-03-02T17:26:06 IST" duration-ms="1249" status="PASS">
          <params>
            <param index="0">
              <value>
                <![CDATA[student]]>
              </value>
            </param>
            <param index="1">
              <value>
                <![CDATA[Password123]]>
              </value>
            </param>
            <param index="2">
              <value>
                <![CDATA[success]]>
              </value>
            </param>
            <param index="3">
              <value>
                <![CDATA[Logged In Successfully]]>
              </value>
            </param>
          </params>
          <reporter-output>
          </reporter-output>
        </test-method> <!-- loginTest -->
        <test-method is-config="true" signature="teardown()[pri:0, instance:jamnesh.LoginFunctionalityAutomation@4802796d]" started-at="2026-03-02T17:26:06 IST" name="teardown" finished-at="2026-03-02T17:26:07 IST" duration-ms="169" status="PASS">
          <reporter-output>
          </reporter-output>
        </test-method> <!-- teardown -->
        <test-method is-config="true" signature="setup()[pri:0, instance:jamnesh.LoginFunctionalityAutomation@4802796d]" started-at="2026-03-02T17:26:07 IST" name="setup" finished-at="2026-03-02T17:26:10 IST" duration-ms="3213" status="PASS">
          <reporter-output>
          </reporter-output>
        </test-method> <!-- setup -->
        <test-method signature="loginTest(java.lang.String,java.lang.String,java.lang.String,java.lang.String)[pri:0, instance:jamnesh.LoginFunctionalityAutomation@4802796d]" started-at="2026-03-02T17:26:10 IST" name="loginTest" data-provider="loginData" finished-at="2026-03-02T17:26:10 IST" duration-ms="357" status="PASS">
          <params>
            <param index="0">
              <value>
                <![CDATA[student]]>
              </value>
            </param>
            <param index="1">
              <value>
                <![CDATA[wrongpass]]>
              </value>
            </param>
            <param index="2">
              <value>
                <![CDATA[failure]]>
              </value>
            </param>
            <param index="3">
              <value>
                <![CDATA[Your password is invalid!]]>
              </value>
            </param>
          </params>
          <reporter-output>
          </reporter-output>
        </test-method> <!-- loginTest -->
        <test-method is-config="true" signature="teardown()[pri:0, instance:jamnesh.LoginFunctionalityAutomation@4802796d]" started-at="2026-03-02T17:26:10 IST" name="teardown" finished-at="2026-03-02T17:26:10 IST" duration-ms="160" status="PASS">
          <reporter-output>
          </reporter-output>
        </test-method> <!-- teardown -->
        <test-method is-config="true" signature="setup()[pri:0, instance:jamnesh.LoginFunctionalityAutomation@4802796d]" started-at="2026-03-02T17:26:10 IST" name="setup" finished-at="2026-03-02T17:26:14 IST" duration-ms="3364" status="PASS">
          <reporter-output>
          </reporter-output>
        </test-method> <!-- setup -->
        <test-method signature="loginTest(java.lang.String,java.lang.String,java.lang.String,java.lang.String)[pri:0, instance:jamnesh.LoginFunctionalityAutomation@4802796d]" started-at="2026-03-02T17:26:14 IST" name="loginTest" data-provider="loginData" finished-at="2026-03-02T17:26:14 IST" duration-ms="410" status="PASS">
          <params>
            <param index="0">
              <value>
                <![CDATA[wronguser]]>
              </value>
            </param>
            <param index="1">
              <value>
                <![CDATA[Password123]]>
              </value>
            </param>
            <param index="2">
              <value>
                <![CDATA[failure]]>
              </value>
            </param>
            <param index="3">
              <value>
                <![CDATA[Your username is invalid!]]>
              </value>
            </param>
          </params>
          <reporter-output>
          </reporter-output>
        </test-method> <!-- loginTest -->
        <test-method is-config="true" signature="teardown()[pri:0, instance:jamnesh.LoginFunctionalityAutomation@4802796d]" started-at="2026-03-02T17:26:14 IST" name="teardown" finished-at="2026-03-02T17:26:14 IST" duration-ms="138" status="PASS">
          <reporter-output>
          </reporter-output>
        </test-method> <!-- teardown -->
        <test-method is-config="true" signature="setup()[pri:0, instance:jamnesh.LoginFunctionalityAutomation@4802796d]" started-at="2026-03-02T17:26:14 IST" name="setup" finished-at="2026-03-02T17:26:17 IST" duration-ms="3238" status="PASS">
          <reporter-output>
          </reporter-output>
        </test-method> <!-- setup -->
        <test-method signature="loginTest(java.lang.String,java.lang.String,java.lang.String,java.lang.String)[pri:0, instance:jamnesh.LoginFunctionalityAutomation@4802796d]" started-at="2026-03-02T17:26:17 IST" name="loginTest" data-provider="loginData" finished-at="2026-03-02T17:26:18 IST" duration-ms="397" status="PASS">
          <params>
            <param index="0">
              <value>
                <![CDATA[wronguse]]>
              </value>
            </param>
            <param index="1">
              <value>
                <![CDATA[Password123]]>
              </value>
            </param>
            <param index="2">
              <value>
                <![CDATA[failure]]>
              </value>
            </param>
            <param index="3">
              <value>
                <![CDATA[Your username is invalid!]]>
              </value>
            </param>
          </params>
          <reporter-output>
          </reporter-output>
        </test-method> <!-- loginTest -->
        <test-method is-config="true" signature="teardown()[pri:0, instance:jamnesh.LoginFunctionalityAutomation@4802796d]" started-at="2026-03-02T17:26:18 IST" name="teardown" finished-at="2026-03-02T17:26:18 IST" duration-ms="141" status="PASS">
          <reporter-output>
          </reporter-output>
        </test-method> <!-- teardown -->
        <test-method is-config="true" signature="setup()[pri:0, instance:jamnesh.LoginFunctionalityAutomation@4802796d]" started-at="2026-03-02T17:26:18 IST" name="setup" finished-at="2026-03-02T17:26:21 IST" duration-ms="3211" status="PASS">
          <reporter-output>
          </reporter-output>
        </test-method> <!-- setup -->
        <test-method signature="loginTest(java.lang.String,java.lang.String,java.lang.String,java.lang.String)[pri:0, instance:jamnesh.LoginFunctionalityAutomation@4802796d]" started-at="2026-03-02T17:26:21 IST" name="loginTest" data-provider="loginData" finished-at="2026-03-02T17:26:22 IST" duration-ms="931" status="FAIL">
          <params>
            <param index="0">
              <value>
                <![CDATA[student]]>
              </value>
            </param>
            <param index="1">
              <value>
                <![CDATA[Password123]]>
              </value>
            </param>
            <param index="2">
              <value>
                <![CDATA[success]]>
              </value>
            </param>
            <param index="3">
              <value>
                <![CDATA[Wrong Title Here]]>
              </value>
            </param>
          </params>
          <exception class="java.lang.AssertionError">
            <message>
              <![CDATA[Login failed expected [Wrong Title Here] but found [Logged In Successfully]]]>
            </message>
            <full-stacktrace>
              <![CDATA[java.lang.AssertionError: Login failed expected [Wrong Title Here] but found [Logged In Successfully]
at org.testng.Assert.fail(Assert.java:111)
at org.testng.Assert.failNotEquals(Assert.java:1578)
at org.testng.Assert.assertEqualsImpl(Assert.java:150)
at org.testng.Assert.assertEquals(Assert.java:132)
at org.testng.Assert.assertEquals(Assert.java:656)
at jamnesh.LoginFunctionalityAutomation.loginTest(LoginFunctionalityAutomation.java:30)
at java.base/jdk.internal.reflect.DirectMethodHandleAccessor.invoke(DirectMethodHandleAccessor.java:103)
at java.base/java.lang.reflect.Method.invoke(Method.java:580)
at org.testng.internal.invokers.MethodInvocationHelper.invokeMethod(MethodInvocationHelper.java:141)
at org.testng.internal.invokers.TestInvoker.invokeMethod(TestInvoker.java:686)
at org.testng.internal.invokers.TestInvoker.invokeTestMethod(TestInvoker.java:230)
at org.testng.internal.invokers.MethodRunner.runInSequence(MethodRunner.java:63)
at org.testng.internal.invokers.TestInvoker$MethodInvocationAgent.invoke(TestInvoker.java:992)
at org.testng.internal.invokers.TestInvoker.invokeTestMethods(TestInvoker.java:203)
at org.testng.internal.invokers.TestMethodWorker.invokeTestMethods(TestMethodWorker.java:154)
at org.testng.internal.invokers.TestMethodWorker.run(TestMethodWorker.java:134)
at java.base/java.util.ArrayList.forEach(ArrayList.java:1596)
at org.testng.TestRunner.privateRun(TestRunner.java:739)
at org.testng.TestRunner.run(TestRunner.java:614)
at org.testng.SuiteRunner.runTest(SuiteRunner.java:421)
at org.testng.SuiteRunner.runSequentially(SuiteRunner.java:413)
at org.testng.SuiteRunner.privateRun(SuiteRunner.java:373)
at org.testng.SuiteRunner.run(SuiteRunner.java:312)
at org.testng.SuiteRunnerWorker.runSuite(SuiteRunnerWorker.java:52)
at org.testng.SuiteRunnerWorker.run(SuiteRunnerWorker.java:95)
at org.testng.TestNG.runSuitesSequentially(TestNG.java:1274)
at org.testng.TestNG.runSuitesLocally(TestNG.java:1208)
at org.testng.TestNG.runSuites(TestNG.java:1112)
at org.testng.TestNG.run(TestNG.java:1079)
at org.testng.remote.AbstractRemoteTestNG.run(AbstractRemoteTestNG.java:115)
at org.testng.remote.RemoteTestNG.initAndRun(RemoteTestNG.java:293)
at org.testng.remote.RemoteTestNG.main(RemoteTestNG.java:91)
]]>
            </full-stacktrace>
          </exception> <!-- java.lang.AssertionError -->
          <reporter-output>
          </reporter-output>
        </test-method> <!-- loginTest -->
        <test-method is-config="true" signature="teardown()[pri:0, instance:jamnesh.LoginFunctionalityAutomation@4802796d]" started-at="2026-03-02T17:26:22 IST" name="teardown" finished-at="2026-03-02T17:26:22 IST" duration-ms="131" status="PASS">
          <reporter-output>
          </reporter-output>
        </test-method> <!-- teardown -->
        <test-method is-config="true" signature="setup()[pri:0, instance:jamnesh.LoginFunctionalityAutomation@4802796d]" started-at="2026-03-02T17:26:22 IST" name="setup" finished-at="2026-03-02T17:26:26 IST" duration-ms="3199" status="PASS">
          <reporter-output>
          </reporter-output>
        </test-method> <!-- setup -->
        <test-method signature="loginTest(java.lang.String,java.lang.String,java.lang.String,java.lang.String)[pri:0, instance:jamnesh.LoginFunctionalityAutomation@4802796d]" started-at="2026-03-02T17:26:26 IST" name="loginTest" data-provider="loginData" finished-at="2026-03-02T17:26:26 IST" duration-ms="372" status="PASS">
          <params>
            <param index="0">
              <value>
                <![CDATA[]]>
              </value>
            </param>
            <param index="1">
              <value>
                <![CDATA[]]>
              </value>
            </param>
            <param index="2">
              <value>
                <![CDATA[failure]]>
              </value>
            </param>
            <param index="3">
              <value>
                <![CDATA[Your username is invalid!]]>
              </value>
            </param>
          </params>
          <reporter-output>
          </reporter-output>
        </test-method> <!-- loginTest -->
        <test-method is-config="true" signature="teardown()[pri:0, instance:jamnesh.LoginFunctionalityAutomation@4802796d]" started-at="2026-03-02T17:26:26 IST" name="teardown" finished-at="2026-03-02T17:26:26 IST" duration-ms="134" status="PASS">
          <reporter-output>
          </reporter-output>
        </test-method> <!-- teardown -->
      </class> <!-- jamnesh.LoginFunctionalityAutomation -->
    </test> <!-- Login Tests -->
  </suite> <!-- Login Test Suite -->
</testng-results>
