<?xml version="1.0" encoding="UTF-8"?>
<!-- Generated by org.testng.reporters.JUnitXMLReporter -->
<testsuite ignored="0" hostname="LAPTOP-NMLEQ16E" failures="3" tests="3" name="ParaBank - Firefox" time="135.384" errors="0" timestamp="2026-03-12T17:31:44 IST">
  <testcase classname="tests.ParaBankTest" name="registerAndLoginTest" time="26.483">
    <failure type="java.lang.AssertionError" message="Registration should be successful — &amp;apos;Welcome&amp;apos; heading should appear. Got: Signing up is easy! expected [true] but found [false]">
      <![CDATA[java.lang.AssertionError: Registration should be successful — 'Welcome' heading should appear. Got: Signing up is easy! expected [true] but found [false]
at tests.ParaBankTest.registerAndLoginTest(ParaBankTest.java:126)
at java.base/java.util.ArrayList.forEach(ArrayList.java:1596)
... Removed 28 stack frames]]>
    </failure>
  </testcase> <!-- registerAndLoginTest -->
  <testcase classname="tests.ParaBankTest" name="registerAndLoginTest" time="32.019">
    <failure type="java.lang.AssertionError" message="Registration should be successful — &amp;apos;Welcome&amp;apos; heading should appear. Got: Signing up is easy! expected [true] but found [false]">
      <![CDATA[java.lang.AssertionError: Registration should be successful — 'Welcome' heading should appear. Got: Signing up is easy! expected [true] but found [false]
at tests.ParaBankTest.registerAndLoginTest(ParaBankTest.java:126)
at java.base/java.util.ArrayList.forEach(ArrayList.java:1596)
... Removed 28 stack frames]]>
    </failure>
  </testcase> <!-- registerAndLoginTest -->
  <testcase classname="tests.ParaBankTest" name="registerAndLoginTest" time="27.321">
    <failure type="java.lang.AssertionError" message="Registration should be successful — &amp;apos;Welcome&amp;apos; heading should appear. Got: Signing up is easy! expected [true] but found [false]">
      <![CDATA[java.lang.AssertionError: Registration should be successful — 'Welcome' heading should appear. Got: Signing up is easy! expected [true] but found [false]
at tests.ParaBankTest.registerAndLoginTest(ParaBankTest.java:126)
at java.base/java.util.ArrayList.forEach(ArrayList.java:1596)
... Removed 28 stack frames]]>
    </failure>
  </testcase> <!-- registerAndLoginTest -->
</testsuite> <!-- ParaBank - Firefox -->
