<?xml version="1.0" encoding="UTF-8"?>
<!-- Generated by org.testng.reporters.JUnitXMLReporter -->
<testsuite ignored="0" hostname="LAPTOP-NMLEQ16E" failures="0" tests="3" name="ParaBank - Chrome" time="77.927" errors="0" timestamp="2026-03-12T18:10:56 IST">
  <testcase classname="tests.ParaBankTest" name="registerAndLoginTest" time="25.138"/>
  <testcase classname="tests.ParaBankTest" name="registerAndLoginTest" time="24.495"/>
  <testcase classname="tests.ParaBankTest" name="registerAndLoginTest" time="22.306"/>
</testsuite> <!-- ParaBank - Chrome -->
