<?xml version="1.0" encoding="UTF-8"?>
<!-- Generated by org.testng.reporters.JUnitXMLReporter -->
<testsuite ignored="0" hostname="LAPTOP-NMLEQ16E" failures="1" tests="6" name="Login Tests" time="32.376" errors="0" timestamp="2026-03-07T11:53:13 IST">
  <testcase classname="jamnesh.LoginFunctionalityAutomation" name="loginTest" time="1.241"/>
  <testcase classname="jamnesh.LoginFunctionalityAutomation" name="loginTest" time="0.369"/>
  <testcase classname="jamnesh.LoginFunctionalityAutomation" name="loginTest" time="0.392"/>
  <testcase classname="jamnesh.LoginFunctionalityAutomation" name="loginTest" time="0.339"/>
  <testcase classname="jamnesh.LoginFunctionalityAutomation" name="loginTest" time="1.192">
    <failure type="java.lang.AssertionError" message="Login failed expected [Wrong Title Here] but found [Logged In Successfully]">
      <![CDATA[java.lang.AssertionError: Login failed expected [Wrong Title Here] but found [Logged In Successfully]
at jamnesh.LoginFunctionalityAutomation.loginTest(LoginFunctionalityAutomation.java:30)
at java.base/java.util.ArrayList.forEach(ArrayList.java:1596)
... Removed 30 stack frames]]>
    </failure>
  </testcase> <!-- loginTest -->
  <testcase classname="jamnesh.LoginFunctionalityAutomation" name="loginTest" time="0.339"/>
</testsuite> <!-- Login Tests -->
