<?xml version="1.0" encoding="UTF-8"?>
<testng-results ignored="0" total="1" passed="1" failed="0" skipped="0">
  <reporter-output>
  </reporter-output>
  <suite started-at="2026-03-07T09:17:49 IST" name="Default suite" finished-at="2026-03-07T09:17:55 IST" duration-ms="5762">
    <groups>
    </groups>
    <test started-at="2026-03-07T09:17:49 IST" name="Default test" finished-at="2026-03-07T09:17:55 IST" duration-ms="5762">
      <class name="validation.LoginFailiureValidation">
        <test-method is-config="true" signature="setup()[pri:0, instance:validation.LoginFailiureValidation@206a70ef]" started-at="2026-03-07T09:17:49 IST" name="setup" finished-at="2026-03-07T09:17:54 IST" duration-ms="5503" status="PASS">
          <reporter-output>
          </reporter-output>
        </test-method> <!-- setup -->
        <test-method signature="login()[pri:0, instance:validation.LoginFailiureValidation@206a70ef]" started-at="2026-03-07T09:17:54 IST" name="login" finished-at="2026-03-07T09:17:55 IST" duration-ms="164" status="PASS">
          <reporter-output>
          </reporter-output>
        </test-method> <!-- login -->
        <test-method is-config="true" signature="terminate()[pri:0, instance:validation.LoginFailiureValidation@206a70ef]" started-at="2026-03-07T09:17:55 IST" name="terminate" finished-at="2026-03-07T09:17:55 IST" duration-ms="54" status="PASS">
          <reporter-output>
          </reporter-output>
        </test-method> <!-- terminate -->
      </class> <!-- validation.LoginFailiureValidation -->
    </test> <!-- Default test -->
  </suite> <!-- Default suite -->
</testng-results>
