<?xml version="1.0" encoding="UTF-8"?>
<!-- Generated by org.testng.reporters.JUnitXMLReporter -->
<testsuite ignored="0" hostname="LAPTOP-NMLEQ16E" failures="0" tests="4" name="Default test" time="17.689" errors="0" timestamp="2026-02-27T14:12:26 IST">
  <testcase classname="Jamnesh.LoginFunctionalityAutomation" name="loginTest" time="1.099"/>
  <testcase classname="Jamnesh.LoginFunctionalityAutomation" name="loginTest" time="0.306"/>
  <testcase classname="Jamnesh.LoginFunctionalityAutomation" name="loginTest" time="0.392"/>
  <testcase classname="Jamnesh.LoginFunctionalityAutomation" name="loginTest" time="0.3"/>
</testsuite> <!-- Default test -->
