<?xml version="1.0" encoding="UTF-8"?>
<!-- Generated by org.testng.reporters.JUnitReportReporter -->
<testsuite hostname="LAPTOP-NMLEQ16E" failures="0" tests="3" name="Jamnesh.TestClass" time="0.011" errors="0" timestamp="2026-03-02T12:41:47 IST" skipped="0">
  <testcase classname="Jamnesh.TestClass" name="test2" time="0.000"/>
  <testcase classname="Jamnesh.TestClass" name="test1" time="0.010"/>
  <testcase classname="Jamnesh.TestClass" name="test3" time="0.001"/>
</testsuite> <!-- Jamnesh.TestClass -->
