<?xml version="1.0" encoding="UTF-8"?>
<testng-results ignored="0" total="2" passed="2" failed="0" skipped="0">
  <reporter-output>
  </reporter-output>
  <suite started-at="2026-03-07T14:19:57 IST" name="Default suite" finished-at="2026-03-07T14:20:08 IST" duration-ms="10763">
    <groups>
    </groups>
    <test started-at="2026-03-07T14:19:57 IST" name="Default test" finished-at="2026-03-07T14:20:08 IST" duration-ms="10763">
      <class name="daily_Assessment.Day24POMDataDrivenTest">
        <test-method signature="verifyLogin(java.lang.String,java.lang.String,boolean)[pri:0, instance:daily_Assessment.Day24POMDataDrivenTest@477b4cdf]" started-at="2026-03-07T14:19:57 IST" name="verifyLogin" data-provider="loginData" finished-at="2026-03-07T14:20:03 IST" duration-ms="5662" status="PASS">
          <params>
            <param index="0">
              <value>
                <![CDATA[tomsmith]]>
              </value>
            </param>
            <param index="1">
              <value>
                <![CDATA[SuperSecretPassword!]]>
              </value>
            </param>
            <param index="2">
              <value>
                <![CDATA[true]]>
              </value>
            </param>
          </params>
          <reporter-output>
          </reporter-output>
        </test-method> <!-- verifyLogin -->
        <test-method signature="verifyLogin(java.lang.String,java.lang.String,boolean)[pri:0, instance:daily_Assessment.Day24POMDataDrivenTest@477b4cdf]" started-at="2026-03-07T14:20:03 IST" name="verifyLogin" data-provider="loginData" finished-at="2026-03-07T14:20:08 IST" duration-ms="5061" status="PASS">
          <params>
            <param index="0">
              <value>
                <![CDATA[wronguser]]>
              </value>
            </param>
            <param index="1">
              <value>
                <![CDATA[wrongpassword]]>
              </value>
            </param>
            <param index="2">
              <value>
                <![CDATA[false]]>
              </value>
            </param>
          </params>
          <reporter-output>
          </reporter-output>
        </test-method> <!-- verifyLogin -->
      </class> <!-- daily_Assessment.Day24POMDataDrivenTest -->
    </test> <!-- Default test -->
  </suite> <!-- Default suite -->
</testng-results>
