<?xml version="1.0" encoding="UTF-8"?>
<!-- Generated by org.testng.reporters.JUnitReportReporter -->
<testsuite hostname="LAPTOP-NMLEQ16E" failures="0" tests="5" name="JamnesTng.APITest" time="4.624" errors="0" timestamp="2026-02-21T16:15:37 IST" skipped="0">
  <testcase classname="JamnesTng.APITest" name="getUserTest" time="0.219"/>
  <testcase classname="JamnesTng.APITest" name="createProduct" time="0.867"/>
  <testcase classname="JamnesTng.APITest" name="ExtrateResponse" time="1.754"/>
  <testcase classname="JamnesTng.APITest" name="getAllProducts" time="0.972"/>
  <testcase classname="JamnesTng.APITest" name="validateJsonResponse" time="0.812"/>
</testsuite> <!-- JamnesTng.APITest -->
