<?xml version="1.0" encoding="UTF-8"?>
<!-- Generated by org.testng.reporters.JUnitReportReporter -->
<testsuite hostname="LAPTOP-NMLEQ16E" failures="0" tests="5" name="JamnesTng.APILog" time="3.852" errors="0" timestamp="2026-02-22T11:57:39 IST" skipped="0">
  <testcase classname="JamnesTng.APILog" name="logAll" time="0.392"/>
  <testcase classname="JamnesTng.APILog" name="LogBodyHeader" time="1.957"/>
  <testcase classname="JamnesTng.APILog" name="LogIfValidationFails" time="0.575"/>
  <testcase classname="JamnesTng.APILog" name="LogCookiesStatus" time="0.363"/>
  <testcase classname="JamnesTng.APILog" name="LogIfError" time="0.565"/>
</testsuite> <!-- JamnesTng.APILog -->
