<?xml version="1.0" encoding="UTF-8"?>
<!-- Generated by org.testng.reporters.JUnitReportReporter -->
<testsuite hostname="LAPTOP-NMLEQ16E" failures="0" tests="3" name="JamnesTng.LoginTest" time="10.953" errors="0" timestamp="2026-02-17T18:15:11 IST" skipped="0">
  <testcase classname="JamnesTng.LoginTest" name="loginTest" time="3.988"/>
  <testcase classname="JamnesTng.LoginTest" name="loginTest" time="3.465"/>
  <testcase classname="JamnesTng.LoginTest" name="loginTest" time="3.500"/>
</testsuite> <!-- JamnesTng.LoginTest -->
