<?xml version="1.0" encoding="UTF-8"?>
<!-- Generated by org.testng.reporters.JUnitReportReporter -->
<testsuite hostname="LAPTOP-NMLEQ16E" failures="0" tests="2" name="daily_Assessment.Day24POMDataDrivenTest" time="10.723" errors="0" timestamp="2026-03-07T14:20:08 IST" skipped="0">
  <testcase classname="daily_Assessment.Day24POMDataDrivenTest" name="verifyLogin" time="5.662"/>
  <testcase classname="daily_Assessment.Day24POMDataDrivenTest" name="verifyLogin" time="5.061"/>
</testsuite> <!-- daily_Assessment.Day24POMDataDrivenTest -->
