<?xml version="1.0" encoding="UTF-8"?>
<!-- Generated by org.testng.reporters.JUnitReportReporter -->
<testsuite hostname="LAPTOP-NMLEQ16E" failures="0" tests="3" name="Testng.LoginTest" time="11.953" errors="0" timestamp="2026-02-17T18:09:29 IST" skipped="0">
  <testcase classname="Testng.LoginTest" name="loginTest" time="4.134"/>
  <testcase classname="Testng.LoginTest" name="loginTest" time="3.351"/>
  <testcase classname="Testng.LoginTest" name="loginTest" time="4.468"/>
</testsuite> <!-- Testng.LoginTest -->
