<?xml version="1.0" encoding="UTF-8"?>
<!-- Generated by org.testng.reporters.JUnitReportReporter -->
<testsuite hostname="LAPTOP-NMLEQ16E" failures="0" tests="6" name="Testng.DataDrivenTestingDB" time="21.094" errors="0" timestamp="2026-02-18T12:34:01 IST" skipped="0">
  <testcase classname="Testng.DataDrivenTestingDB" name="loginTest" time="3.374"/>
  <testcase classname="Testng.DataDrivenTestingDB" name="loginTest" time="3.765"/>
  <testcase classname="Testng.DataDrivenTestingDB" name="loginTest" time="3.366"/>
  <testcase classname="Testng.DataDrivenTestingDB" name="loginTest" time="3.861"/>
  <testcase classname="Testng.DataDrivenTestingDB" name="loginTest" time="3.369"/>
  <testcase classname="Testng.DataDrivenTestingDB" name="loginTest" time="3.359"/>
</testsuite> <!-- Testng.DataDrivenTestingDB -->
