<?xml version="1.0" encoding="UTF-8"?>
<!-- Generated by org.testng.reporters.JUnitReportReporter -->
<testsuite hostname="LAPTOP-NMLEQ16E" failures="0" tests="8" name="JamnesTng.ApiTest2" time="14.009" errors="0" timestamp="2026-02-21T17:50:18 IST" skipped="0">
  <testcase classname="JamnesTng.ApiTest2" name="ExtrateResponse" time="3.019"/>
  <testcase classname="JamnesTng.ApiTest2" name="ExtractSingleValue" time="1.733"/>
  <testcase classname="JamnesTng.ApiTest2" name="postRequestUsingObject" time="0.485"/>
  <testcase classname="JamnesTng.ApiTest2" name="putRequestUsingHashMap" time="0.476"/>
  <testcase classname="JamnesTng.ApiTest2" name="postRequestUsingHashMap" time="0.896"/>
  <testcase classname="JamnesTng.ApiTest2" name="validateJsonResponse" time="0.288"/>
  <testcase classname="JamnesTng.ApiTest2" name="Delete" time="5.098"/>
  <testcase classname="JamnesTng.ApiTest2" name="getUserTest" time="2.014"/>
</testsuite> <!-- JamnesTng.ApiTest2 -->
