<?xml version="1.0" encoding="UTF-8"?>
<!-- Generated by org.testng.reporters.JUnitReportReporter -->
<testsuite hostname="LAPTOP-NMLEQ16E" failures="0" tests="4" name="Jamnesh.LoginFunctionalityAutomation" time="17.619" errors="0" timestamp="2026-02-27T14:12:26 IST" skipped="0">
  <testcase classname="Jamnesh.LoginFunctionalityAutomation" name="loginTest" time="4.521"/>
  <testcase classname="Jamnesh.LoginFunctionalityAutomation" name="loginTest" time="3.726"/>
  <testcase classname="Jamnesh.LoginFunctionalityAutomation" name="loginTest" time="4.596"/>
  <testcase classname="Jamnesh.LoginFunctionalityAutomation" name="loginTest" time="4.776"/>
</testsuite> <!-- Jamnesh.LoginFunctionalityAutomation -->
